2022-07-21 22:29:07,227:INFO:Initializing load_model()
2022-07-21 22:29:07,242:INFO:load_model(model_name=model, platform=None, authentication=None, verbose=True)
2022-07-21 22:42:51,482:INFO:Initializing load_model()
2022-07-21 22:42:51,484:INFO:load_model(model_name=model, platform=None, authentication=None, verbose=True)
2022-07-21 22:42:52,163:INFO:Initializing predict_model()
2022-07-21 22:42:52,163:INFO:predict_model(estimator=Pipeline(steps=[('dtypes',
                 DataTypes_Auto_infer(ml_usecase='classification',
                                      numerical_features=['yearsAtCompany',
                                                          'averageMonthlyHours'],
                                      target='turnover')),
                ('imputer',
                 Simple_Imputer(categorical_strategy='not_available',
                                fill_value_categorical=None,
                                fill_value_numerical=None,
                                numeric_strategy='mean',
                                target_variable=None)),
                ('new_levels1',
                 New_Catagorical_...
                ('rem_outliers', 'passthrough'), ('cluster_all', 'passthrough'),
                ('dummy', Dummify(target='turnover')),
                ('fix_perfect', Remove_100(target='turnover')),
                ('clean_names', Clean_Colum_Names()),
                ('feature_select', 'passthrough'), ('fix_multi', 'passthrough'),
                ('dfs', 'passthrough'), ('pca', 'passthrough'),
                ['trained_model',
                 GradientBoostingClassifier(random_state=7194)]]), probability_threshold=None, encoded_labels=False, drift_report=False, raw_score=False, round=4, verbose=True, ml_usecase=MLUsecase.CLASSIFICATION, display=None, drift_kwargs=None)
2022-07-21 22:42:52,171:INFO:Checking exceptions
2022-07-21 22:42:52,172:INFO:Preloading libraries
2022-07-22 18:48:23,894:INFO:Initializing load_model()
2022-07-22 18:48:23,941:INFO:load_model(model_name=model, platform=None, authentication=None, verbose=True)
2022-07-22 18:59:41,604:INFO:Initializing load_model()
2022-07-22 18:59:41,606:INFO:load_model(model_name=model, platform=None, authentication=None, verbose=True)
2022-07-22 18:59:59,155:INFO:Initializing load_model()
2022-07-22 18:59:59,156:INFO:load_model(model_name=model, platform=None, authentication=None, verbose=True)
2022-07-22 19:00:02,136:INFO:Initializing load_model()
2022-07-22 19:00:02,137:INFO:load_model(model_name=model, platform=None, authentication=None, verbose=True)
2022-07-22 19:00:07,081:INFO:Initializing load_model()
2022-07-22 19:00:07,083:INFO:load_model(model_name=model, platform=None, authentication=None, verbose=True)
2022-07-22 19:00:10,117:INFO:Initializing load_model()
2022-07-22 19:00:10,120:INFO:load_model(model_name=model, platform=None, authentication=None, verbose=True)
2022-07-22 19:00:10,585:INFO:Initializing load_model()
2022-07-22 19:00:10,585:INFO:load_model(model_name=model, platform=None, authentication=None, verbose=True)
2022-07-22 19:00:10,841:INFO:Initializing predict_model()
2022-07-22 19:00:10,842:INFO:predict_model(estimator=Pipeline(steps=[('dtypes',
                 DataTypes_Auto_infer(ml_usecase='classification',
                                      numerical_features=['yearsAtCompany',
                                                          'averageMonthlyHours'],
                                      target='turnover')),
                ('imputer',
                 Simple_Imputer(categorical_strategy='not_available',
                                fill_value_categorical=None,
                                fill_value_numerical=None,
                                numeric_strategy='mean',
                                target_variable=None)),
                ('new_levels1',
                 New_Catagorical_...
                ('rem_outliers', 'passthrough'), ('cluster_all', 'passthrough'),
                ('dummy', Dummify(target='turnover')),
                ('fix_perfect', Remove_100(target='turnover')),
                ('clean_names', Clean_Colum_Names()),
                ('feature_select', 'passthrough'), ('fix_multi', 'passthrough'),
                ('dfs', 'passthrough'), ('pca', 'passthrough'),
                ['trained_model',
                 GradientBoostingClassifier(random_state=7194)]]), probability_threshold=None, encoded_labels=False, drift_report=False, raw_score=False, round=4, verbose=True, ml_usecase=MLUsecase.CLASSIFICATION, display=None, drift_kwargs=None)
2022-07-22 19:00:10,844:INFO:Checking exceptions
2022-07-22 19:00:10,847:INFO:Preloading libraries
